{
  "stats": {
    "suites": 1,
    "tests": 3,
    "passes": 3,
    "pending": 0,
    "failures": 0,
    "start": "2021-11-23T19:19:06.511Z",
    "end": "2021-11-23T19:19:06.557Z",
    "duration": 46,
    "testsRegistered": 3,
    "passPercent": 100,
    "pendingPercent": 0,
    "other": 0,
    "hasOther": false,
    "skipped": 0,
    "hasSkipped": false
  },
  "results": [
    {
      "uuid": "a0f36a81-815f-4e09-a3a7-1d792c8f2d92",
      "title": "",
      "fullFile": "",
      "file": "",
      "beforeHooks": [],
      "afterHooks": [],
      "tests": [],
      "suites": [
        {
          "uuid": "8b9ec58a-fc12-4821-8a86-617bac9b7062",
          "title": "GET DM",
          "fullFile": "C:\\Projetos\\dm-service\\test\\mocha.spec.js",
          "file": "\\test\\mocha.spec.js",
          "beforeHooks": [],
          "afterHooks": [],
          "tests": [
            {
              "title": "Testando GET OK",
              "fullTitle": "GET DM Testando GET OK",
              "timedOut": false,
              "duration": 18,
              "state": "passed",
              "speed": "fast",
              "pass": true,
              "fail": false,
              "pending": false,
              "context": null,
              "code": "chai.request('http://challengeqa.staging.devmuch.io/')\n    .get('/10')\n    .end((err, res) => {\n        res.should.have.body.extenso(\"dez\");\n    });",
              "err": {},
              "uuid": "a1b5b36b-4cc8-4a97-9288-5f5cd894089d",
              "parentUUID": "8b9ec58a-fc12-4821-8a86-617bac9b7062",
              "isHook": false,
              "skipped": false
            },
            {
              "title": "Testando GET OK - English",
              "fullTitle": "GET DM Testando GET OK - English",
              "timedOut": false,
              "duration": 1,
              "state": "passed",
              "speed": "fast",
              "pass": true,
              "fail": false,
              "pending": false,
              "context": null,
              "code": "chai.request('http://challengeqa.staging.devmuch.io/')\n    .get('/en/10')\n    .end((err, res) => {\n        res.should.have.body.full(\"ten\");\n    });",
              "err": {},
              "uuid": "784b6f20-4b2a-404b-ba86-f0880ee54f33",
              "parentUUID": "8b9ec58a-fc12-4821-8a86-617bac9b7062",
              "isHook": false,
              "skipped": false
            },
            {
              "title": "Testando GET BAD REQUEST",
              "fullTitle": "GET DM Testando GET BAD REQUEST",
              "timedOut": false,
              "duration": 0,
              "state": "passed",
              "speed": "fast",
              "pass": true,
              "fail": false,
              "pending": false,
              "context": null,
              "code": "chai.request('http://challengeqa.staging.devmuch.io/')\n    .get('/10001')\n    .end((err, res) => {\n        err.should.have.body.extenso(\"Invalid data\");\n    });",
              "err": {},
              "uuid": "5a711f17-b4a2-4bee-bd12-c606ec769205",
              "parentUUID": "8b9ec58a-fc12-4821-8a86-617bac9b7062",
              "isHook": false,
              "skipped": false
            }
          ],
          "suites": [],
          "passes": [
            "a1b5b36b-4cc8-4a97-9288-5f5cd894089d",
            "784b6f20-4b2a-404b-ba86-f0880ee54f33",
            "5a711f17-b4a2-4bee-bd12-c606ec769205"
          ],
          "failures": [],
          "pending": [],
          "skipped": [],
          "duration": 19,
          "root": false,
          "rootEmpty": false,
          "_timeout": 2000
        }
      ],
      "passes": [],
      "failures": [],
      "pending": [],
      "skipped": [],
      "duration": 0,
      "root": true,
      "rootEmpty": true,
      "_timeout": 2000
    }
  ],
  "meta": {
    "mocha": {
      "version": "9.1.3"
    },
    "mochawesome": {
      "options": {
        "quiet": false,
        "reportFilename": "mochawesome",
        "saveHtml": true,
        "saveJson": true,
        "consoleReporter": "spec",
        "useInlineDiffs": false,
        "code": true
      },
      "version": "7.0.1"
    },
    "marge": {
      "options": null,
      "version": "6.0.1"
    }
  }
}